#
# There is insufficient memory for the Java Runtime Environment to continue.
# Native memory allocation (mmap) failed to map 264241152 bytes for G1 virtual space
# Possible reasons:
#   The system is out of physical RAM or swap space
#   The process is running with CompressedOops enabled, and the Java Heap may be blocking the growth of the native heap
# Possible solutions:
#   Reduce memory load on the system
#   Increase physical memory or swap space
#   Check if swap backing store is full
#   Decrease Java heap size (-Xmx/-Xms)
#   Decrease number of Java threads
#   Decrease Java thread stack sizes (-Xss)
#   Set larger code cache with -XX:ReservedCodeCacheSize=
#   JVM is running with Zero Based Compressed Oops mode in which the Java heap is
#     placed in the first 32GB address space. The Java Heap base address is the
#     maximum limit for the native heap growth. Please use -XX:HeapBaseMinAddress
#     to set the Java Heap base and to place the Java Heap above 32GB virtual address.
# This output file may be truncated or incomplete.
#
#  Out of Memory Error (os_windows.cpp:3557), pid=16972, tid=17276
#
# JRE version:  (17.0.6+10) (build )
# Java VM: OpenJDK 64-Bit Server VM (17.0.6+10-adhoc..jdk17u, mixed mode, emulated-client, sharing, tiered, compressed oops, compressed class ptrs, g1 gc, windows-amd64)
# No core dump will be written. Minidumps are not enabled by default on client versions of Windows
#

---------------  S U M M A R Y ------------

Command Line: -XX:TieredStopAtLevel=1 -Dspring.output.ansi.enabled=always -Dcom.sun.management.jmxremote -Dspring.jmx.enabled=true -Dspring.liveBeansView.mbeanDomain -Dspring.application.admin.enabled=true -Dmanagement.endpoints.jmx.exposure.include=* -javaagent:C:\Program Files\JetBrains\IntelliJ IDEA 2022.3\lib\idea_rt.jar=60820:C:\Program Files\JetBrains\IntelliJ IDEA 2022.3\bin -Dfile.encoding=UTF-8 com.weather.MeteoProcessApplication

Host: 11th Gen Intel(R) Core(TM) i5-1135G7 @ 2.40GHz, 8 cores, 15G,  Windows 11 , 64 bit Build 22621 (10.0.22621.2428)
Time: Sun Nov 12 20:28:47 2023  Windows 11 , 64 bit Build 22621 (10.0.22621.2428) elapsed time: 0.017339 seconds (0d 0h 0m 0s)

---------------  T H R E A D  ---------------

Current thread (0x00000136a52e0a80):  JavaThread "Unknown thread" [_thread_in_vm, id=17276, stack(0x0000001484500000,0x0000001484600000)]

Stack: [0x0000001484500000,0x0000001484600000]
Native frames: (J=compiled Java code, j=interpreted, Vv=VM code, C=native code)
V  [jvm.dll+0x6785da]
V  [jvm.dll+0x835e24]
V  [jvm.dll+0x8375ce]
V  [jvm.dll+0x837c33]
V  [jvm.dll+0x245af5]
V  [jvm.dll+0x675519]
V  [jvm.dll+0x669bca]
V  [jvm.dll+0x304b4b]
V  [jvm.dll+0x30c006]
V  [jvm.dll+0x35b91e]
V  [jvm.dll+0x35bb4f]
V  [jvm.dll+0x2dba98]
V  [jvm.dll+0x2dca04]
V  [jvm.dll+0x807771]
V  [jvm.dll+0x3696d1]
V  [jvm.dll+0x7e6bec]
V  [jvm.dll+0x3ebaaf]
V  [jvm.dll+0x3ed5f1]
C  [jli.dll+0x526b]
C  [ucrtbase.dll+0x29363]
C  [KERNEL32.DLL+0x1257d]
C  [ntdll.dll+0x5aa78]


---------------  P R O C E S S  ---------------

Threads class SMR info:
_java_thread_list=0x00007ffb4554cfd8, length=0, elements={
}

Java Threads: ( => current thread )

Other Threads:
  0x00000136a534a830 GCTaskThread "GC Thread#0" [stack: 0x0000001484600000,0x0000001484700000] [id=14968]
  0x00000136a535b330 ConcurrentGCThread "G1 Main Marker" [stack: 0x0000001484700000,0x0000001484800000] [id=14000]
  0x00000136a535c4e0 ConcurrentGCThread "G1 Conc#0" [stack: 0x0000001484800000,0x0000001484900000] [id=21528]

[error occurred during error reporting (printing all threads), id 0xc0000005, EXCEPTION_ACCESS_VIOLATION (0xc0000005) at pc=0x00007ffb44d0c4b7]

VM state: not at safepoint (not fully initialized)

VM Mutex/Monitor currently owned by a thread:  ([mutex/lock_event])
[0x00000136a52da8b0] Heap_lock - owner thread: 0x00000136a52e0a80

Heap address: 0x0000000704400000, size: 4028 MB, Compressed Oops mode: Zero based, Oop shift amount: 3

CDS archive(s) mapped at: [0x0000000000000000-0x0000000000000000-0x0000000000000000), size 0, SharedBaseAddress: 0x0000000800000000, ArchiveRelocationMode: 0.
Narrow klass base: 0x0000000000000000, Narrow klass shift: 0, Narrow klass range: 0x0

GC Precious Log:
<Empty>

Heap:
 garbage-first heap   total 0K, used 0K [0x0000000704400000, 0x0000000800000000)
  region size 2048K, 0 young (0K), 0 survivors (0K)

[error occurred during error reporting (printing heap information), id 0xc0000005, EXCEPTION_ACCESS_VIOLATION (0xc0000005) at pc=0x00007ffb450f1a19]

GC Heap History (0 events):
No events

Dll operation events (1 events):
Event: 0.011 Loaded shared library C:\Program Files\openlogic-openjdk-jre-17.0.6+10-windows-x64\bin\java.dll

Deoptimization events (0 events):
No events

Classes unloaded (0 events):
No events

Classes redefined (0 events):
No events

Internal exceptions (0 events):
No events

VM Operations (0 events):
No events

Events (0 events):
No events


Dynamic libraries:
0x00007ff68b380000 - 0x00007ff68b38e000 	C:\Program Files\openlogic-openjdk-jre-17.0.6+10-windows-x64\bin\java.exe
0x00007ffbcd950000 - 0x00007ffbcdb67000 	C:\WINDOWS\SYSTEM32\ntdll.dll
0x00007ffbccef0000 - 0x00007ffbccfb4000 	C:\WINDOWS\System32\KERNEL32.DLL
0x00007ffbcb210000 - 0x00007ffbcb5b6000 	C:\WINDOWS\System32\KERNELBASE.dll
0x00007ffbcafe0000 - 0x00007ffbcb0f1000 	C:\WINDOWS\System32\ucrtbase.dll
0x00007ffb5b480000 - 0x00007ffb5b497000 	C:\Program Files\openlogic-openjdk-jre-17.0.6+10-windows-x64\bin\jli.dll
0x00007ffb6ac40000 - 0x00007ffb6ac5b000 	C:\Program Files\openlogic-openjdk-jre-17.0.6+10-windows-x64\bin\VCRUNTIME140.dll
0x00007ffbcd040000 - 0x00007ffbcd1ed000 	C:\WINDOWS\System32\USER32.dll
0x00007ffba0a70000 - 0x00007ffba0d03000 	C:\WINDOWS\WinSxS\amd64_microsoft.windows.common-controls_6595b64144ccf1df_6.0.22621.2361_none_2712ced57382f843\COMCTL32.dll
0x00007ffbcb680000 - 0x00007ffbcb6a6000 	C:\WINDOWS\System32\win32u.dll
0x00007ffbcd200000 - 0x00007ffbcd2a7000 	C:\WINDOWS\System32\msvcrt.dll
0x00007ffbcd6d0000 - 0x00007ffbcd6f9000 	C:\WINDOWS\System32\GDI32.dll
0x00007ffbcacd0000 - 0x00007ffbcade8000 	C:\WINDOWS\System32\gdi32full.dll
0x00007ffbcb100000 - 0x00007ffbcb19a000 	C:\WINDOWS\System32\msvcp_win.dll
0x00007ffbcd860000 - 0x00007ffbcd891000 	C:\WINDOWS\System32\IMM32.DLL
0x00007ffb8b1d0000 - 0x00007ffb8b1dc000 	C:\Program Files\openlogic-openjdk-jre-17.0.6+10-windows-x64\bin\vcruntime140_1.dll
0x00007ffb45680000 - 0x00007ffb4570d000 	C:\Program Files\openlogic-openjdk-jre-17.0.6+10-windows-x64\bin\msvcp140.dll
0x00007ffb44a20000 - 0x00007ffb4567e000 	C:\Program Files\openlogic-openjdk-jre-17.0.6+10-windows-x64\bin\server\jvm.dll
0x00007ffbcd4a0000 - 0x00007ffbcd550000 	C:\WINDOWS\System32\ADVAPI32.dll
0x00007ffbcc9b0000 - 0x00007ffbcca56000 	C:\WINDOWS\System32\sechost.dll
0x00007ffbcbf10000 - 0x00007ffbcc027000 	C:\WINDOWS\System32\RPCRT4.dll
0x00007ffbc36c0000 - 0x00007ffbc36f4000 	C:\WINDOWS\SYSTEM32\WINMM.dll
0x00007ffba7930000 - 0x00007ffba7939000 	C:\WINDOWS\SYSTEM32\WSOCK32.dll
0x00007ffbbf070000 - 0x00007ffbbf07a000 	C:\WINDOWS\SYSTEM32\VERSION.dll
0x00007ffbccfc0000 - 0x00007ffbcd031000 	C:\WINDOWS\System32\WS2_32.dll
0x00007ffbc9e00000 - 0x00007ffbc9e18000 	C:\WINDOWS\SYSTEM32\kernel.appcore.dll
0x00007ffb8a910000 - 0x00007ffb8a91a000 	C:\Program Files\openlogic-openjdk-jre-17.0.6+10-windows-x64\bin\jimage.dll
0x00007ffba7290000 - 0x00007ffba74be000 	C:\WINDOWS\SYSTEM32\DBGHELP.DLL
0x00007ffbcc4d0000 - 0x00007ffbcc85a000 	C:\WINDOWS\System32\combase.dll
0x00007ffbcc3f0000 - 0x00007ffbcc4c7000 	C:\WINDOWS\System32\OLEAUT32.dll
0x00007ffba7250000 - 0x00007ffba7282000 	C:\WINDOWS\SYSTEM32\dbgcore.DLL
0x00007ffbcadf0000 - 0x00007ffbcae6a000 	C:\WINDOWS\System32\bcryptPrimitives.dll
0x00007ffbc4000000 - 0x00007ffbc400e000 	C:\Program Files\openlogic-openjdk-jre-17.0.6+10-windows-x64\bin\instrument.dll
0x00007ffb44840000 - 0x00007ffb44865000 	C:\Program Files\openlogic-openjdk-jre-17.0.6+10-windows-x64\bin\java.dll

dbghelp: loaded successfully - version: 4.0.5 - missing functions: none
symbol engine: initialized successfully - sym options: 0x614 - pdb path: .;C:\Program Files\openlogic-openjdk-jre-17.0.6+10-windows-x64\bin;C:\WINDOWS\SYSTEM32;C:\WINDOWS\WinSxS\amd64_microsoft.windows.common-controls_6595b64144ccf1df_6.0.22621.2361_none_2712ced57382f843;C:\Program Files\openlogic-openjdk-jre-17.0.6+10-windows-x64\bin\server

VM Arguments:
jvm_args: -XX:TieredStopAtLevel=1 -Dspring.output.ansi.enabled=always -Dcom.sun.management.jmxremote -Dspring.jmx.enabled=true -Dspring.liveBeansView.mbeanDomain -Dspring.application.admin.enabled=true -Dmanagement.endpoints.jmx.exposure.include=* -javaagent:C:\Program Files\JetBrains\IntelliJ IDEA 2022.3\lib\idea_rt.jar=60820:C:\Program Files\JetBrains\IntelliJ IDEA 2022.3\bin -Dfile.encoding=UTF-8 
java_command: com.weather.MeteoProcessApplication
java_class_path (initial): C:\Users\haruki\IdeaProjects\MeteoDataProcessServer\Meteo-Process-Resource\target\classes;C:\Users\haruki\.m2\repository\com\baomidou\mybatis-plus-boot-starter\3.5.2.7-SNAPSHOT\mybatis-plus-boot-starter-3.5.2.7-SNAPSHOT.jar;C:\Users\haruki\.m2\repository\com\baomidou\mybatis-plus\3.5.2.7-SNAPSHOT\mybatis-plus-3.5.2.7-SNAPSHOT.jar;C:\Users\haruki\.m2\repository\com\baomidou\mybatis-plus-extension\3.5.2.7-SNAPSHOT\mybatis-plus-extension-3.5.2.7-SNAPSHOT.jar;C:\Users\haruki\.m2\repository\com\baomidou\mybatis-plus-core\3.5.2.7-SNAPSHOT\mybatis-plus-core-3.5.2.7-SNAPSHOT.jar;C:\Users\haruki\.m2\repository\com\baomidou\mybatis-plus-annotation\3.5.2.7-SNAPSHOT\mybatis-plus-annotation-3.5.2.7-SNAPSHOT.jar;C:\Users\haruki\.m2\repository\com\github\jsqlparser\jsqlparser\4.4\jsqlparser-4.4.jar;C:\Users\haruki\.m2\repository\org\mybatis\mybatis\3.5.10\mybatis-3.5.10.jar;C:\Users\haruki\.m2\repository\org\jetbrains\kotlin\kotlin-stdlib-jdk8\1.7.22\kotlin-stdlib-jdk8-1.7.22.jar;C:\Users\haruki\.m2\repository\org\jetbrains\kotlin\kotlin-stdlib\1.7.22\kotlin-stdlib-1.7.22.jar;C:\Users\haruki\.m2\repository\org\jetbrains\kotlin\kotlin-stdlib-common\1.7.22\kotlin-stdlib-common-1.7.22.jar;C:\Users\haruki\.m2\repository\org\jetbrains\annotations\13.0\annotations-13.0.jar;C:\Users\haruki\.m2\repository\org\jetbrains\kotlin\kotlin-stdlib-jdk7\1.7.22\kotlin-stdlib-jdk7-1.7.22.jar;C:\Users\haruki\.m2\repository\org\mybatis\mybatis-spring\2.0.7\mybatis-spring-2.0.7.jar;C:\Users\haruki\.m2\repository\org\springframework\boot\spring-boot-autoconfigure\3.0.5\spring-boot-autoconfigure-3.0.5.jar;C:\Users\haruki\.m2\repository\org\springframework\boot\spring-boot\3.0.5\spring-boot-3.0.5.jar;C:\Users\haruki\.m2\repository\org\springframework\boot\spring-boot-starter-jdbc\3.0.5\spring-boot-starter-jdbc-3.0.5.jar;C:\Users\haruki\.m2\repository\com\zaxxer\HikariCP\5.0.1\HikariCP-5.0.1.jar;C:\Users\haruki\.m2\repository\org\springframework\spring-jdbc\6.0.7\spring-jdbc-6.
Launcher Type: SUN_STANDARD

[Global flags]
     intx CICompilerCount                          = 4                                         {product} {ergonomic}
     uint ConcGCThreads                            = 2                                         {product} {ergonomic}
     uint G1ConcRefinementThreads                  = 8                                         {product} {ergonomic}
   size_t G1HeapRegionSize                         = 2097152                                   {product} {ergonomic}
    uintx GCDrainStackTargetSize                   = 64                                        {product} {ergonomic}
   size_t InitialHeapSize                          = 264241152                                 {product} {ergonomic}
     bool ManagementServer                         = true                                      {product} {command line}
   size_t MarkStackSize                            = 4194304                                   {product} {ergonomic}
   size_t MaxHeapSize                              = 4223664128                                {product} {ergonomic}
   size_t MinHeapDeltaBytes                        = 2097152                                   {product} {ergonomic}
   size_t MinHeapSize                              = 8388608                                   {product} {ergonomic}
    uintx NonProfiledCodeHeapSize                  = 0                                      {pd product} {ergonomic}
     bool ProfileInterpreter                       = false                                  {pd product} {command line}
    uintx ProfiledCodeHeapSize                     = 0                                      {pd product} {ergonomic}
   size_t SoftMaxHeapSize                          = 4223664128                             {manageable} {ergonomic}
     intx TieredStopAtLevel                        = 1                                         {product} {command line}
     bool UseCompressedClassPointers               = true                           {product lp64_product} {ergonomic}
     bool UseCompressedOops                        = true                           {product lp64_product} {ergonomic}
     bool UseG1GC                                  = true                                      {product} {ergonomic}
     bool UseLargePagesIndividualAllocation        = false                                  {pd product} {ergonomic}

Logging:
Log output configuration:
 #0: stdout all=warning uptime,level,tags
 #1: stderr all=off uptime,level,tags

Environment Variables:
JAVA_HOME=C:\Users\haruki\jdk17
PATH=C:\Program Files (x86)\VMware\VMware Workstation\bin\;C:\Program Files\Common Files\Oracle\Java\javapath;C:\Program Files (x86)\Common Files\Intel\Shared Libraries\redist\intel64\compiler;C:\WINDOWS\system32;C:\WINDOWS;C:\WINDOWS\System32\Wbem;C:\WINDOWS\System32\WindowsPowerShell\v1.0\;C:\WINDOWS\System32\OpenSSH\;C:\Program Files\dotnet\;C:\Users\haruki\platform-tools;C:\Users\haruki\AppData\Local\Programs\Python\Python310;C:\Users\haruki\AppData\Local\Programs\Python\Python310\Scripts;C:\Users\haruki\jdk17\bin;C:\apache-tomcat-9.0.68\bin;C:\Program Files\Git\cmd;C:\Program Files\Calibre2\;C:\Program Files\nodejs\;C:\Program Files (x86)\NetSarang\Xftp 7\;C:\Program Files (x86)\NetSarang\Xshell 7\;C:\Program Files (x86)\Tencent\微信web开发者工具\dll;C:\Users\haruki\jdk17\jre\bin;C:\ProgramData\chocolatey\bin;G:\needs\ffmpeg-master-latest-win64-gpl\ffmpeg-master-latest-win64-gpl\bin;G:\acn;G:\acn\Library\mingw-w64\bin;G:\acn\Library\usr\bin;G:\acn\Library\bin;G:\acn\Scripts;C:\Users\haruki\mysql-8.0.28-winx64\bin;C:\Users\haruki\;C:\Users\haruki\AppData\Local\Microsoft\WindowsApps;C:\Users\haruki\AppData\Local\spicetify;C:\Users\haruki\AppData\Local\Microsoft\WindowsApps;C:\Users\haruki\AppData\Local\Programs\Microsoft VS Code\bin;C:\Users\haruki\AppData\Roaming\npm
USERNAME=haruki
OS=Windows_NT
PROCESSOR_IDENTIFIER=Intel64 Family 6 Model 140 Stepping 1, GenuineIntel
TMP=C:\Users\haruki\AppData\Local\Temp
TEMP=C:\Users\haruki\AppData\Local\Temp



---------------  S Y S T E M  ---------------

OS:
 Windows 11 , 64 bit Build 22621 (10.0.22621.2428)
OS uptime: 0 days 11:20 hours

CPU: total 8 (initial active 8) (4 cores per cpu, 2 threads per core) family 6 model 140 stepping 1 microcode 0xac, cx8, cmov, fxsr, ht, mmx, 3dnowpref, sse, sse2, sse3, ssse3, sse4.1, sse4.2, popcnt, lzcnt, tsc, tscinvbit, avx, avx2, aes, erms, clmul, bmi1, bmi2, adx, avx512f, avx512dq, avx512cd, avx512bw, avx512vl, sha, fma, vzeroupper, avx512_vpopcntdq, avx512_vpclmulqdq, avx512_vaes, avx512_vnni, clflush, clflushopt, clwb, avx512_vbmi2, avx512_vbmi

Memory: 4k page, system-wide physical 16106M (562M free)
TotalPageFile size 32106M (AvailPageFile size 90M)
current process WorkingSet (physical memory assigned to process): 11M, peak: 11M
current process commit charge ("private bytes"): 55M, peak: 307M

vm_info: OpenJDK 64-Bit Server VM (17.0.6+10-adhoc..jdk17u) for windows-amd64 JRE (17.0.6+10-adhoc..jdk17u), built on Mar  9 2023 08:58:57 by "" with MS VC++ 16.10 / 16.11 (VS2019)

END.
