#
# There is insufficient memory for the Java Runtime Environment to continue.
# Native memory allocation (mmap) failed to map 65536 bytes for Failed to commit metaspace.
# Possible reasons:
#   The system is out of physical RAM or swap space
#   The process is running with CompressedOops enabled, and the Java Heap may be blocking the growth of the native heap
# Possible solutions:
#   Reduce memory load on the system
#   Increase physical memory or swap space
#   Check if swap backing store is full
#   Decrease Java heap size (-Xmx/-Xms)
#   Decrease number of Java threads
#   Decrease Java thread stack sizes (-Xss)
#   Set larger code cache with -XX:ReservedCodeCacheSize=
#   JVM is running with Zero Based Compressed Oops mode in which the Java heap is
#     placed in the first 32GB address space. The Java Heap base address is the
#     maximum limit for the native heap growth. Please use -XX:HeapBaseMinAddress
#     to set the Java Heap base and to place the Java Heap above 32GB virtual address.
# This output file may be truncated or incomplete.
#
#  Out of Memory Error (virtualSpaceNode.cpp:110), pid=13892, tid=300
#
# JRE version: OpenJDK Runtime Environment OpenLogic-OpenJDK (17.0.6+10) (build 17.0.6+10-adhoc..jdk17u)
# Java VM: OpenJDK 64-Bit Server VM OpenLogic-OpenJDK (17.0.6+10-adhoc..jdk17u, mixed mode, emulated-client, tiered, compressed oops, compressed class ptrs, g1 gc, windows-amd64)
# No core dump will be written. Minidumps are not enabled by default on client versions of Windows
#

---------------  S U M M A R Y ------------

Command Line: -XX:TieredStopAtLevel=1 -Dspring.output.ansi.enabled=always -Dcom.sun.management.jmxremote -Dspring.jmx.enabled=true -Dspring.liveBeansView.mbeanDomain -Dspring.application.admin.enabled=true -Dmanagement.endpoints.jmx.exposure.include=* -javaagent:C:\Program Files\JetBrains\IntelliJ IDEA 2022.3\lib\idea_rt.jar=60697:C:\Program Files\JetBrains\IntelliJ IDEA 2022.3\bin -Dfile.encoding=UTF-8 com.weather.MeteoProcessApplication

Host: 11th Gen Intel(R) Core(TM) i5-1135G7 @ 2.40GHz, 8 cores, 15G,  Windows 11 , 64 bit Build 22621 (10.0.22621.2428)
Time: Sun Nov 12 20:28:24 2023  Windows 11 , 64 bit Build 22621 (10.0.22621.2428) elapsed time: 19.397494 seconds (0d 0h 0m 19s)

---------------  T H R E A D  ---------------

Current thread (0x000001931dae8ca0):  JavaThread "Druid-ConnectionPool-Create-1305453355" daemon [_thread_in_vm, id=300, stack(0x00000004d9c00000,0x00000004d9d00000)]

Stack: [0x00000004d9c00000,0x00000004d9d00000]
Native frames: (J=compiled Java code, j=interpreted, Vv=VM code, C=native code)
V  [jvm.dll+0x6785da]
V  [jvm.dll+0x835e24]
V  [jvm.dll+0x8375ce]
V  [jvm.dll+0x837c33]
V  [jvm.dll+0x245af5]
V  [jvm.dll+0x831ebb]
V  [jvm.dll+0x61cd46]
V  [jvm.dll+0x1c09ce]
V  [jvm.dll+0x61f681]
V  [jvm.dll+0x61d6e6]
V  [jvm.dll+0x23a1af]
V  [jvm.dll+0x6274d5]
V  [jvm.dll+0x1ea8ab]
V  [jvm.dll+0x1eade5]
V  [jvm.dll+0x1eb81f]
V  [jvm.dll+0x1e0cd1]
V  [jvm.dll+0x53cf50]
V  [jvm.dll+0x7b0a78]
V  [jvm.dll+0x7b0b64]
V  [jvm.dll+0x40c4f5]
V  [jvm.dll+0x412679]
C  [java.dll+0x17ec]

Java frames: (J=compiled Java code, j=interpreted, Vv=VM code)
J 1159  java.lang.ClassLoader.defineClass1(Ljava/lang/ClassLoader;Ljava/lang/String;[BIILjava/security/ProtectionDomain;Ljava/lang/String;)Ljava/lang/Class; java.base@17.0.6 (0 bytes) @ 0x0000019309c1dde3 [0x0000019309c1dd20+0x00000000000000c3]
J 1253 c1 java.lang.ClassLoader.defineClass(Ljava/lang/String;[BIILjava/security/ProtectionDomain;)Ljava/lang/Class; java.base@17.0.6 (43 bytes) @ 0x0000019309d5cbec [0x0000019309d5cae0+0x000000000000010c]
J 1163 c1 jdk.internal.loader.BuiltinClassLoader.defineClass(Ljava/lang/String;Ljdk/internal/loader/Resource;)Ljava/lang/Class; java.base@17.0.6 (121 bytes) @ 0x0000019309c203f4 [0x0000019309c1ff20+0x00000000000004d4]
J 1160 c1 jdk.internal.loader.BuiltinClassLoader.findClassOnClassPathOrNull(Ljava/lang/String;)Ljava/lang/Class; java.base@17.0.6 (64 bytes) @ 0x0000019309c1ed6c [0x0000019309c1eaa0+0x00000000000002cc]
J 978 c1 jdk.internal.loader.BuiltinClassLoader.loadClassOrNull(Ljava/lang/String;Z)Ljava/lang/Class; java.base@17.0.6 (143 bytes) @ 0x0000019309bc7c84 [0x0000019309bc7800+0x0000000000000484]
J 1075 c1 jdk.internal.loader.ClassLoaders$AppClassLoader.loadClass(Ljava/lang/String;Z)Ljava/lang/Class; java.base@17.0.6 (40 bytes) @ 0x0000019309bfbaac [0x0000019309bfb960+0x000000000000014c]
J 1074 c1 java.lang.ClassLoader.loadClass(Ljava/lang/String;)Ljava/lang/Class; java.base@17.0.6 (7 bytes) @ 0x0000019309bfb264 [0x0000019309bfb220+0x0000000000000044]
v  ~StubRoutines::call_stub
j  com.mysql.cj.protocol.a.TextResultsetReader.read(IZLcom/mysql/cj/protocol/a/NativePacketPayload;Lcom/mysql/cj/protocol/ColumnDefinition;Lcom/mysql/cj/protocol/ProtocolEntityFactory;)Lcom/mysql/cj/protocol/Resultset;+165
j  com.mysql.cj.protocol.a.TextResultsetReader.read(IZLcom/mysql/cj/protocol/Message;Lcom/mysql/cj/protocol/ColumnDefinition;Lcom/mysql/cj/protocol/ProtocolEntityFactory;)Lcom/mysql/cj/protocol/ProtocolEntity;+11
j  com.mysql.cj.protocol.a.NativeProtocol.read(Ljava/lang/Class;IZLcom/mysql/cj/protocol/a/NativePacketPayload;ZLcom/mysql/cj/protocol/ColumnDefinition;Lcom/mysql/cj/protocol/ProtocolEntityFactory;)Lcom/mysql/cj/protocol/ProtocolEntity;+80
j  com.mysql.cj.protocol.a.NativeProtocol.readAllResults(IZLcom/mysql/cj/protocol/a/NativePacketPayload;ZLcom/mysql/cj/protocol/ColumnDefinition;Lcom/mysql/cj/protocol/ProtocolEntityFactory;)Lcom/mysql/cj/protocol/Resultset;+17
j  com.mysql.cj.NativeSession.loadServerVariables(Ljava/lang/Object;Ljava/lang/String;)V+655
j  com.mysql.cj.jdbc.ConnectionImpl.initializePropsFromServer()V+122
j  com.mysql.cj.jdbc.ConnectionImpl.connectOneTryOnly(Z)V+72
j  com.mysql.cj.jdbc.ConnectionImpl.createNewIO(Z)V+27
j  com.mysql.cj.jdbc.ConnectionImpl.<init>(Lcom/mysql/cj/conf/HostInfo;)V+753
j  com.mysql.cj.jdbc.ConnectionImpl.getInstance(Lcom/mysql/cj/conf/HostInfo;)Lcom/mysql/cj/jdbc/JdbcConnection;+5
j  com.mysql.cj.jdbc.NonRegisteringDriver.connect(Ljava/lang/String;Ljava/util/Properties;)Ljava/sql/Connection;+72
j  com.alibaba.druid.pool.DruidAbstractDataSource.createPhysicalConnection(Ljava/lang/String;Ljava/util/Properties;)Ljava/sql/Connection;+18
j  com.alibaba.druid.pool.DruidAbstractDataSource.createPhysicalConnection()Lcom/alibaba/druid/pool/DruidAbstractDataSource$PhysicalConnectionInfo;+233
j  com.alibaba.druid.pool.DruidDataSource$CreateConnectionThread.run()V+381
v  ~StubRoutines::call_stub

---------------  P R O C E S S  ---------------

Threads class SMR info:
_java_thread_list=0x000001931df62e90, length=62, elements={
0x000001931945c370, 0x000001931945ca40, 0x0000019319488cf0, 0x0000019319489ad0,
0x000001931948a7c0, 0x00000193194abaf0, 0x00000193194b83f0, 0x00000193194b8900,
0x0000019318a61ad0, 0x0000019319be5ab0, 0x0000019319be5f80, 0x0000019319d9f420,
0x000001931ae83400, 0x000001931ae86420, 0x000001931ae83da0, 0x000001931ae84270,
0x000001931ae85a80, 0x000001931ae85f50, 0x000001931ae84740, 0x000001931ae82a60,
0x000001931ae850e0, 0x000001931ae855b0, 0x000001931ae838d0, 0x000001931ae82f30,
0x000001931ac59c90, 0x000001931ac5b970, 0x000001931ac597c0, 0x000001931ac54f90,
0x000001931ac57ae0, 0x000001931ac5be40, 0x000001931ac5b4a0, 0x000001931ac5a630,
0x000001931ac54ac0, 0x000001931ac5a160, 0x000001931ac545f0, 0x000001931ac55930,
0x000001931ac55460, 0x000001931ac57fb0, 0x000001931ac55e00, 0x000001931ac562d0,
0x000001931ac567a0, 0x000001931ac56c70, 0x000001931ac5ab00, 0x000001931ac5afd0,
0x000001931ac57140, 0x000001931ac57610, 0x000001931ac58480, 0x000001931ac58950,
0x000001931ac58e20, 0x000001931ac592f0, 0x000001931dae9fe0, 0x000001931daea980,
0x000001931dae9170, 0x000001931daeb320, 0x000001931dae87d0, 0x000001931dae7e30,
0x000001931daeb7f0, 0x000001931daeae50, 0x000001931dae9b10, 0x000001931daea4b0,
0x000001931dae8ca0, 0x000001931dae8300
}

Java Threads: ( => current thread )
  0x000001931945c370 JavaThread "Reference Handler" daemon [_thread_blocked, id=6940, stack(0x00000004d5500000,0x00000004d5600000)]
  0x000001931945ca40 JavaThread "Finalizer" daemon [_thread_blocked, id=20832, stack(0x00000004d5600000,0x00000004d5700000)]
  0x0000019319488cf0 JavaThread "Signal Dispatcher" daemon [_thread_blocked, id=23884, stack(0x00000004d5700000,0x00000004d5800000)]
  0x0000019319489ad0 JavaThread "Attach Listener" daemon [_thread_blocked, id=14872, stack(0x00000004d5800000,0x00000004d5900000)]
  0x000001931948a7c0 JavaThread "Service Thread" daemon [_thread_blocked, id=16216, stack(0x00000004d5900000,0x00000004d5a00000)]
  0x00000193194abaf0 JavaThread "Monitor Deflation Thread" daemon [_thread_blocked, id=7908, stack(0x00000004d5a00000,0x00000004d5b00000)]
  0x00000193194b83f0 JavaThread "C1 CompilerThread0" daemon [_thread_blocked, id=24248, stack(0x00000004d5b00000,0x00000004d5c00000)]
  0x00000193194b8900 JavaThread "Sweeper thread" daemon [_thread_blocked, id=4028, stack(0x00000004d5c00000,0x00000004d5d00000)]
  0x0000019318a61ad0 JavaThread "Common-Cleaner" daemon [_thread_blocked, id=22984, stack(0x00000004d5d00000,0x00000004d5e00000)]
  0x0000019319be5ab0 JavaThread "Monitor Ctrl-Break" daemon [_thread_in_native, id=18304, stack(0x00000004d5f00000,0x00000004d6000000)]
  0x0000019319be5f80 JavaThread "Notification Thread" daemon [_thread_blocked, id=20968, stack(0x00000004d6000000,0x00000004d6100000)]
  0x0000019319d9f420 JavaThread "RMI TCP Accept-0" daemon [_thread_in_native, id=3576, stack(0x00000004d6100000,0x00000004d6200000)]
  0x000001931ae83400 JavaThread "RMI TCP Connection(1)-192.168.89.160" daemon [_thread_in_native, id=9044, stack(0x00000004d6e00000,0x00000004d6f00000)]
  0x000001931ae86420 JavaThread "RMI Scheduler(0)" daemon [_thread_blocked, id=23024, stack(0x00000004d6f00000,0x00000004d7000000)]
  0x000001931ae83da0 JavaThread "Catalina-utility-1" [_thread_blocked, id=16392, stack(0x00000004d6c00000,0x00000004d6d00000)]
  0x000001931ae84270 JavaThread "Catalina-utility-2" [_thread_blocked, id=14264, stack(0x00000004d7300000,0x00000004d7400000)]
  0x000001931ae85a80 JavaThread "container-0" [_thread_blocked, id=10132, stack(0x00000004d7400000,0x00000004d7500000)]
  0x000001931ae85f50 JavaThread "Thread-2" daemon [_thread_in_native, id=8448, stack(0x00000004d7500000,0x00000004d7600000)]
  0x000001931ae84740 JavaThread "lettuce-timer-3-1" daemon [_thread_blocked, id=23452, stack(0x00000004d7600000,0x00000004d7700000)]
  0x000001931ae82a60 JavaThread "boundedElastic-evictor-1" daemon [_thread_blocked, id=22436, stack(0x00000004d7700000,0x00000004d7800000)]
  0x000001931ae850e0 JavaThread "spring.cloud.inetutils" daemon [_thread_in_native, id=21996, stack(0x00000004d7800000,0x00000004d7900000)]
  0x000001931ae855b0 JavaThread "http-nio-9394-exec-1" daemon [_thread_blocked, id=23676, stack(0x00000004d5e00000,0x00000004d5f00000)]
  0x000001931ae838d0 JavaThread "http-nio-9394-exec-2" daemon [_thread_blocked, id=22104, stack(0x00000004d6d00000,0x00000004d6e00000)]
  0x000001931ae82f30 JavaThread "http-nio-9394-exec-3" daemon [_thread_blocked, id=21212, stack(0x00000004d7100000,0x00000004d7200000)]
  0x000001931ac59c90 JavaThread "http-nio-9394-exec-4" daemon [_thread_blocked, id=17140, stack(0x00000004d7200000,0x00000004d7300000)]
  0x000001931ac5b970 JavaThread "http-nio-9394-exec-5" daemon [_thread_blocked, id=16292, stack(0x00000004d7900000,0x00000004d7a00000)]
  0x000001931ac597c0 JavaThread "http-nio-9394-exec-6" daemon [_thread_blocked, id=23536, stack(0x00000004d7a00000,0x00000004d7b00000)]
  0x000001931ac54f90 JavaThread "http-nio-9394-exec-7" daemon [_thread_blocked, id=3156, stack(0x00000004d7b00000,0x00000004d7c00000)]
  0x000001931ac57ae0 JavaThread "http-nio-9394-exec-8" daemon [_thread_blocked, id=22464, stack(0x00000004d7c00000,0x00000004d7d00000)]
  0x000001931ac5be40 JavaThread "http-nio-9394-exec-9" daemon [_thread_blocked, id=13004, stack(0x00000004d7d00000,0x00000004d7e00000)]
  0x000001931ac5b4a0 JavaThread "http-nio-9394-exec-10" daemon [_thread_blocked, id=15040, stack(0x00000004d7e00000,0x00000004d7f00000)]
  0x000001931ac5a630 JavaThread "http-nio-9394-Poller" daemon [_thread_in_native, id=23544, stack(0x00000004d7f00000,0x00000004d8000000)]
  0x000001931ac54ac0 JavaThread "http-nio-9394-Acceptor" daemon [_thread_in_native, id=5144, stack(0x00000004d8000000,0x00000004d8100000)]
  0x000001931ac5a160 JavaThread "nacos.publisher-com.alibaba.nacos.common.notify.SlowEvent" daemon [_thread_blocked, id=24372, stack(0x00000004d8100000,0x00000004d8200000)]
  0x000001931ac545f0 JavaThread "nacos.publisher-com.alibaba.nacos.client.naming.event.InstancesChangeEvent" daemon [_thread_blocked, id=6536, stack(0x00000004d8200000,0x00000004d8300000)]
  0x000001931ac55930 JavaThread "com.alibaba.nacos.naming.failover" daemon [_thread_blocked, id=23276, stack(0x00000004d8300000,0x00000004d8400000)]
  0x000001931ac55460 JavaThread "com.alibaba.nacos.client.auth.ram.identify.watcher.0" daemon [_thread_blocked, id=24140, stack(0x00000004d8400000,0x00000004d8500000)]
  0x000001931ac57fb0 JavaThread "com.alibaba.nacos.client.naming.security" daemon [_thread_blocked, id=10696, stack(0x00000004d8500000,0x00000004d8600000)]
  0x000001931ac55e00 JavaThread "com.alibaba.nacos.client.naming.grpc.redo.0" daemon [_thread_blocked, id=18408, stack(0x00000004d8600000,0x00000004d8700000)]
  0x000001931ac562d0 JavaThread "com.alibaba.nacos.client.remote.worker" daemon [_thread_blocked, id=24020, stack(0x00000004d8700000,0x00000004d8800000)]
  0x000001931ac567a0 JavaThread "com.alibaba.nacos.client.remote.worker" daemon [_thread_blocked, id=4776, stack(0x00000004d8800000,0x00000004d8900000)]
  0x000001931ac56c70 JavaThread "grpc-nio-worker-ELG-1-1" daemon [_thread_in_native, id=22796, stack(0x00000004d8900000,0x00000004d8a00000)]
  0x000001931ac5ab00 JavaThread "grpc-default-executor-0" daemon [_thread_blocked, id=9308, stack(0x00000004d8a00000,0x00000004d8b00000)]
  0x000001931ac5afd0 JavaThread "grpc-nio-worker-ELG-1-2" daemon [_thread_in_native, id=13848, stack(0x00000004d8b00000,0x00000004d8c00000)]
  0x000001931ac57140 JavaThread "nacos-grpc-client-executor-localhost-0" daemon [_thread_blocked, id=4756, stack(0x00000004d8d00000,0x00000004d8e00000)]
  0x000001931ac57610 JavaThread "nacos-grpc-client-executor-localhost-1" daemon [_thread_blocked, id=22500, stack(0x00000004d8e00000,0x00000004d8f00000)]
  0x000001931ac58480 JavaThread "nacos-grpc-client-executor-localhost-2" daemon [_thread_blocked, id=4228, stack(0x00000004d8f00000,0x00000004d9000000)]
  0x000001931ac58950 JavaThread "nacos-grpc-client-executor-localhost-3" daemon [_thread_blocked, id=8244, stack(0x00000004d9000000,0x00000004d9100000)]
  0x000001931ac58e20 JavaThread "nacos-grpc-client-executor-localhost-4" daemon [_thread_blocked, id=23168, stack(0x00000004d9100000,0x00000004d9200000)]
  0x000001931ac592f0 JavaThread "nacos-grpc-client-executor-localhost-5" daemon [_thread_blocked, id=21332, stack(0x00000004d9200000,0x00000004d9300000)]
  0x000001931dae9fe0 JavaThread "DestroyJavaVM" [_thread_blocked, id=4600, stack(0x00000004d4e00000,0x00000004d4f00000)]
  0x000001931daea980 JavaThread "reactor-http-nio-1" daemon [_thread_in_native, id=8060, stack(0x00000004d9300000,0x00000004d9400000)]
  0x000001931dae9170 JavaThread "reactor-http-nio-2" daemon [_thread_in_native, id=23068, stack(0x00000004d9400000,0x00000004d9500000)]
  0x000001931daeb320 JavaThread "reactor-http-nio-3" daemon [_thread_in_native, id=14564, stack(0x00000004d9500000,0x00000004d9600000)]
  0x000001931dae87d0 JavaThread "reactor-http-nio-4" daemon [_thread_in_native, id=15980, stack(0x00000004d9600000,0x00000004d9700000)]
  0x000001931dae7e30 JavaThread "reactor-http-nio-5" daemon [_thread_in_native, id=19072, stack(0x00000004d9700000,0x00000004d9800000)]
  0x000001931daeb7f0 JavaThread "reactor-http-nio-6" daemon [_thread_in_native, id=17312, stack(0x00000004d9800000,0x00000004d9900000)]
  0x000001931daeae50 JavaThread "reactor-http-nio-7" daemon [_thread_in_native, id=23308, stack(0x00000004d9900000,0x00000004d9a00000)]
  0x000001931dae9b10 JavaThread "reactor-http-nio-8" daemon [_thread_in_native, id=23016, stack(0x00000004d9a00000,0x00000004d9b00000)]
  0x000001931daea4b0 JavaThread "mysql-cj-abandoned-connection-cleanup" daemon [_thread_blocked, id=22288, stack(0x00000004d9b00000,0x00000004d9c00000)]
=>0x000001931dae8ca0 JavaThread "Druid-ConnectionPool-Create-1305453355" daemon [_thread_in_vm, id=300, stack(0x00000004d9c00000,0x00000004d9d00000)]
  0x000001931dae8300 JavaThread "Druid-ConnectionPool-Destroy-1305453355" daemon [_thread_blocked, id=22888, stack(0x00000004d9d00000,0x00000004d9e00000)]

Other Threads:
  0x00000193194475e0 VMThread "VM Thread" [stack: 0x00000004d5400000,0x00000004d5500000] [id=17604]
  0x00000193065987b0 WatcherThread [stack: 0x00000004d6200000,0x00000004d6300000] [id=9220]
  0x000001930657d510 GCTaskThread "GC Thread#0" [stack: 0x00000004d4f00000,0x00000004d5000000] [id=5800]
  0x000001931ad189d0 GCTaskThread "GC Thread#1" [stack: 0x00000004d6300000,0x00000004d6400000] [id=22808]
  0x000001931ace7000 GCTaskThread "GC Thread#2" [stack: 0x00000004d6400000,0x00000004d6500000] [id=11148]
  0x000001931ad3d050 GCTaskThread "GC Thread#3" [stack: 0x00000004d6500000,0x00000004d6600000] [id=11572]
  0x000001931accc030 GCTaskThread "GC Thread#4" [stack: 0x00000004d6600000,0x00000004d6700000] [id=16664]
  0x000001931accc2e0 GCTaskThread "GC Thread#5" [stack: 0x00000004d6700000,0x00000004d6800000] [id=19284]
  0x000001931ad73b70 GCTaskThread "GC Thread#6" [stack: 0x00000004d6800000,0x00000004d6900000] [id=22504]
  0x000001931af5e010 GCTaskThread "GC Thread#7" [stack: 0x00000004d6b00000,0x00000004d6c00000] [id=24264]
  0x000001930658df20 ConcurrentGCThread "G1 Main Marker" [stack: 0x00000004d5000000,0x00000004d5100000] [id=4640]
  0x000001930658e840 ConcurrentGCThread "G1 Conc#0" [stack: 0x00000004d5100000,0x00000004d5200000] [id=19132]
  0x000001931acb9420 ConcurrentGCThread "G1 Conc#1" [stack: 0x00000004d7000000,0x00000004d7100000] [id=16736]
  0x000001931892ca70 ConcurrentGCThread "G1 Refine#0" [stack: 0x00000004d5200000,0x00000004d5300000] [id=4964]
  0x000001931ad09a50 ConcurrentGCThread "G1 Refine#1" [stack: 0x00000004d6900000,0x00000004d6a00000] [id=23612]
  0x000001931ad806d0 ConcurrentGCThread "G1 Refine#2" [stack: 0x00000004d6a00000,0x00000004d6b00000] [id=3296]
  0x000001931892efc0 ConcurrentGCThread "G1 Service" [stack: 0x00000004d5300000,0x00000004d5400000] [id=23908]

Threads with active compile tasks:

VM state: not at safepoint (normal execution)

VM Mutex/Monitor currently owned by a thread:  ([mutex/lock_event])
[0x000001930650cd30] Metaspace_lock - owner thread: 0x000001931dae8ca0

Heap address: 0x0000000704400000, size: 4028 MB, Compressed Oops mode: Zero based, Oop shift amount: 3

CDS archive(s) not mapped
Compressed class space mapped at: 0x0000000800000000-0x0000000840000000, reserved size: 1073741824
Narrow klass base: 0x0000000800000000, Narrow klass shift: 0, Narrow klass range: 0x40000000

GC Precious Log:
 CPUs: 8 total, 8 available
 Memory: 16106M
 Large Page Support: Disabled
 NUMA Support: Disabled
 Compressed Oops: Enabled (Zero based)
 Heap Region Size: 2M
 Heap Min Capacity: 8M
 Heap Initial Capacity: 252M
 Heap Max Capacity: 4028M
 Pre-touch: Disabled
 Parallel Workers: 8
 Concurrent Workers: 2
 Concurrent Refinement Workers: 8
 Periodic GC: Disabled

Heap:
 garbage-first heap   total 69632K, used 40593K [0x0000000704400000, 0x0000000800000000)
  region size 2048K, 8 young (16384K), 2 survivors (4096K)
 Metaspace       used 76201K, committed 76736K, reserved 1122304K
  class space    used 10227K, committed 10496K, reserved 1048576K

Heap Regions: E=young(eden), S=young(survivor), O=old, HS=humongous(starts), HC=humongous(continues), CS=collection set, F=free, OA=open archive, CA=closed archive, TAMS=top-at-mark-start (previous, next)
|   0|0x0000000704400000, 0x0000000704600000, 0x0000000704600000|100%| O|  |TAMS 0x0000000704600000, 0x0000000704400000| Untracked 
|   1|0x0000000704600000, 0x0000000704800000, 0x0000000704800000|100%| O|  |TAMS 0x0000000704800000, 0x0000000704600000| Untracked 
|   2|0x0000000704800000, 0x0000000704a00000, 0x0000000704a00000|100%| O|  |TAMS 0x0000000704a00000, 0x0000000704800000| Untracked 
|   3|0x0000000704a00000, 0x0000000704c00000, 0x0000000704c00000|100%| O|  |TAMS 0x0000000704c00000, 0x0000000704a00000| Untracked 
|   4|0x0000000704c00000, 0x0000000704e00000, 0x0000000704e00000|100%| O|  |TAMS 0x0000000704e00000, 0x0000000704c00000| Untracked 
|   5|0x0000000704e00000, 0x0000000705000000, 0x0000000705000000|100%| O|  |TAMS 0x0000000705000000, 0x0000000704e00000| Untracked 
|   6|0x0000000705000000, 0x0000000705200000, 0x0000000705200000|100%| O|  |TAMS 0x0000000705200000, 0x0000000705000000| Untracked 
|   7|0x0000000705200000, 0x0000000705400000, 0x0000000705400000|100%| O|  |TAMS 0x0000000705400000, 0x0000000705200000| Untracked 
|   8|0x0000000705400000, 0x0000000705600000, 0x0000000705600000|100%| O|  |TAMS 0x0000000705600000, 0x0000000705400000| Untracked 
|   9|0x0000000705600000, 0x0000000705800000, 0x0000000705800000|100%| O|  |TAMS 0x0000000705800000, 0x0000000705600000| Untracked 
|  10|0x0000000705800000, 0x0000000705a00000, 0x0000000705a00000|100%| O|  |TAMS 0x0000000705a00000, 0x0000000705800000| Untracked 
|  11|0x0000000705a00000, 0x0000000705c00000, 0x0000000705c00000|100%| O|  |TAMS 0x0000000705c00000, 0x0000000705a00000| Untracked 
|  12|0x0000000705c00000, 0x0000000705e00000, 0x0000000705e00000|100%| O|  |TAMS 0x0000000705cb4400, 0x0000000705c00000| Untracked 
|  13|0x0000000705e00000, 0x0000000705fc3200, 0x0000000706000000| 88%| O|  |TAMS 0x0000000705e00000, 0x0000000705e00000| Untracked 
|  14|0x0000000706000000, 0x0000000706000000, 0x0000000706200000|  0%| F|  |TAMS 0x0000000706000000, 0x0000000706000000| Untracked 
|  15|0x0000000706200000, 0x0000000706200000, 0x0000000706400000|  0%| F|  |TAMS 0x0000000706200000, 0x0000000706200000| Untracked 
|  16|0x0000000706400000, 0x0000000706400000, 0x0000000706600000|  0%| F|  |TAMS 0x0000000706400000, 0x0000000706400000| Untracked 
|  17|0x0000000706600000, 0x0000000706600000, 0x0000000706800000|  0%| F|  |TAMS 0x0000000706600000, 0x0000000706600000| Untracked 
|  18|0x0000000706800000, 0x0000000706800000, 0x0000000706a00000|  0%| F|  |TAMS 0x0000000706800000, 0x0000000706800000| Untracked 
|  19|0x0000000706a00000, 0x0000000706be15e0, 0x0000000706c00000| 94%| S|CS|TAMS 0x0000000706a00000, 0x0000000706a00000| Complete 
|  20|0x0000000706c00000, 0x0000000706c00000, 0x0000000706e00000|  0%| F|  |TAMS 0x0000000706c00000, 0x0000000706c00000| Untracked 
|  21|0x0000000706e00000, 0x0000000706e00000, 0x0000000707000000|  0%| F|  |TAMS 0x0000000706e00000, 0x0000000706e00000| Untracked 
|  22|0x0000000707000000, 0x0000000707200000, 0x0000000707200000|100%| S|CS|TAMS 0x0000000707000000, 0x0000000707000000| Complete 
|  23|0x0000000707200000, 0x0000000707200000, 0x0000000707400000|  0%| F|  |TAMS 0x0000000707200000, 0x0000000707200000| Untracked 
|  24|0x0000000707400000, 0x0000000707400000, 0x0000000707600000|  0%| F|  |TAMS 0x0000000707400000, 0x0000000707400000| Untracked 
|  25|0x0000000707600000, 0x0000000707600000, 0x0000000707800000|  0%| F|  |TAMS 0x0000000707600000, 0x0000000707600000| Untracked 
|  26|0x0000000707800000, 0x0000000707800000, 0x0000000707a00000|  0%| F|  |TAMS 0x0000000707800000, 0x0000000707800000| Untracked 
|  27|0x0000000707a00000, 0x0000000707a00000, 0x0000000707c00000|  0%| F|  |TAMS 0x0000000707a00000, 0x0000000707a00000| Untracked 
|  28|0x0000000707c00000, 0x0000000707d47068, 0x0000000707e00000| 63%| E|  |TAMS 0x0000000707c00000, 0x0000000707c00000| Complete 
|  29|0x0000000707e00000, 0x0000000708000000, 0x0000000708000000|100%| E|CS|TAMS 0x0000000707e00000, 0x0000000707e00000| Complete 
|  50|0x000000070a800000, 0x000000070aa00000, 0x000000070aa00000|100%| E|CS|TAMS 0x000000070a800000, 0x000000070a800000| Complete 
|  51|0x000000070aa00000, 0x000000070ac00000, 0x000000070ac00000|100%| E|CS|TAMS 0x000000070aa00000, 0x000000070aa00000| Complete 
|  52|0x000000070ac00000, 0x000000070ae00000, 0x000000070ae00000|100%| E|  |TAMS 0x000000070ac00000, 0x000000070ac00000| Complete 
| 125|0x0000000713e00000, 0x0000000714000000, 0x0000000714000000|100%| E|CS|TAMS 0x0000000713e00000, 0x0000000713e00000| Complete 

Card table byte_map: [0x000001930d1c0000,0x000001930d9a0000] _byte_map_base: 0x000001930999e000

Marking Bits (Prev, Next): (CMBitMap*) 0x000001930657da70, (CMBitMap*) 0x000001930657da30
 Prev Bits: [0x0000019312070000, 0x0000019315f60000)
 Next Bits: [0x000001930e180000, 0x0000019312070000)

Polling page: 0x0000019305cc0000

Metaspace:

Usage:
  Non-class:     64.43 MB used.
      Class:      9.99 MB used.
       Both:     74.42 MB used.

Virtual space:
  Non-class space:       72.00 MB reserved,      64.69 MB ( 90%) committed,  9 nodes.
      Class space:        1.00 GB reserved,      10.25 MB (  1%) committed,  1 nodes.
             Both:        1.07 GB reserved,      74.94 MB (  7%) committed. 

Chunk freelists:
   Non-Class:  2.80 MB
       Class:  1.77 MB
        Both:  4.56 MB

MaxMetaspaceSize: unlimited
CompressedClassSpaceSize: 1.00 GB
Initial GC threshold: 21.00 MB
Current GC threshold: 98.88 MB
CDS: off
MetaspaceReclaimPolicy: balanced
 - commit_granule_bytes: 65536.
 - commit_granule_words: 8192.
 - virtual_space_node_default_size: 1048576.
 - enlarge_chunks_in_place: 1.
 - new_chunks_are_fully_committed: 0.
 - uncommit_free_chunks: 1.
 - use_allocation_guard: 0.
 - handle_deallocations: 1.


Internal statistics:

num_allocs_failed_limit: 9.
num_arena_births: 798.
num_arena_deaths: 0.
num_vsnodes_births: 10.
num_vsnodes_deaths: 0.
num_space_committed: 1199.
num_space_uncommitted: 0.
num_chunks_returned_to_freelist: 9.
num_chunks_taken_from_freelist: 3266.
num_chunk_merges: 9.
num_chunk_splits: 2390.
num_chunks_enlarged: 1876.
num_purges: 0.
num_inconsistent_stats: 0.

CodeCache: size=49152Kb used=10344Kb max_used=10619Kb free=38807Kb
 bounds [0x00000193098d0000, 0x000001930a330000, 0x000001930c8d0000]
 total_blobs=6333 nmethods=5657 adapters=603
 compilation: enabled
              stopped_count=0, restarted_count=0
 full_count=0

Compilation events (20 events):
Event: 19.309 Thread 0x00000193194b83f0 5648       1       com.mysql.cj.MysqlCharset::addEncodingMapping (33 bytes)
Event: 19.309 Thread 0x00000193194b83f0 nmethod 5648 0x0000019309e3ad90 code [0x0000019309e3af60, 0x0000019309e3b138]
Event: 19.309 Thread 0x00000193194b83f0 5649       1       java.util.AbstractMap$SimpleEntry::getValue (5 bytes)
Event: 19.309 Thread 0x00000193194b83f0 nmethod 5649 0x0000019309e3aa90 code [0x0000019309e3ac20, 0x0000019309e3acf8]
Event: 19.310 Thread 0x00000193194b83f0 5650       1       com.mysql.cj.MysqlCharset$$Lambda$1415/0x0000000800a2d980::accept (12 bytes)
Event: 19.310 Thread 0x00000193194b83f0 nmethod 5650 0x0000019309e3a510 code [0x0000019309e3a6e0, 0x0000019309e3a8f8]
Event: 19.311 Thread 0x00000193194b83f0 5651       1       com.mysql.cj.Collation::<init> (29 bytes)
Event: 19.312 Thread 0x00000193194b83f0 nmethod 5651 0x0000019309e3a110 code [0x0000019309e3a2a0, 0x0000019309e3a448]
Event: 19.312 Thread 0x00000193194b83f0 5654       1       java.lang.Integer::compareTo (9 bytes)
Event: 19.312 Thread 0x00000193194b83f0 nmethod 5654 0x0000019309e39d90 code [0x0000019309e39f20, 0x0000019309e3a078]
Event: 19.312 Thread 0x00000193194b83f0 5655       1       java.lang.Integer::compareTo (12 bytes)
Event: 19.312 Thread 0x00000193194b83f0 nmethod 5655 0x0000019309e39a10 code [0x0000019309e39ba0, 0x0000019309e39cb8]
Event: 19.312 Thread 0x00000193194b83f0 5652       1       com.mysql.cj.CharsetMapping::getStaticMysqlCharsetByName (13 bytes)
Event: 19.312 Thread 0x00000193194b83f0 nmethod 5652 0x0000019309e39590 code [0x0000019309e39740, 0x0000019309e39908]
Event: 19.312 Thread 0x00000193194b83f0 5653       1       com.mysql.cj.Collation::<init> (17 bytes)
Event: 19.312 Thread 0x00000193194b83f0 nmethod 5653 0x0000019309e38f90 code [0x0000019309e39140, 0x0000019309e39488]
Event: 19.354 Thread 0x00000193194b83f0 5656       1       com.mysql.cj.protocol.a.NativePacketPayload::getPosition (5 bytes)
Event: 19.354 Thread 0x00000193194b83f0 nmethod 5656 0x0000019309e38690 code [0x0000019309e38820, 0x0000019309e388f8]
Event: 19.364 Thread 0x00000193194b83f0 5657       1       com.mysql.cj.protocol.a.NativePacketPayload::readInteger (662 bytes)
Event: 19.364 Thread 0x00000193194b83f0 nmethod 5657 0x0000019309e37890 code [0x0000019309e37ae0, 0x0000019309e38348]

GC Heap History (20 events):
Event: 4.039 GC heap before
{Heap before GC invocations=10 (full 0):
 garbage-first heap   total 69632K, used 52217K [0x0000000704400000, 0x0000000800000000)
  region size 2048K, 20 young (40960K), 3 survivors (6144K)
 Metaspace       used 41714K, committed 42176K, reserved 1089536K
  class space    used 5664K, committed 5888K, reserved 1048576K
}
Event: 4.046 GC heap after
{Heap after GC invocations=11 (full 0):
 garbage-first heap   total 69632K, used 20133K [0x0000000704400000, 0x0000000800000000)
  region size 2048K, 3 young (6144K), 3 survivors (6144K)
 Metaspace       used 41714K, committed 42176K, reserved 1089536K
  class space    used 5664K, committed 5888K, reserved 1048576K
}
Event: 4.087 GC heap before
{Heap before GC invocations=11 (full 0):
 garbage-first heap   total 69632K, used 22181K [0x0000000704400000, 0x0000000800000000)
  region size 2048K, 4 young (8192K), 3 survivors (6144K)
 Metaspace       used 42292K, committed 42752K, reserved 1089536K
  class space    used 5754K, committed 5952K, reserved 1048576K
}
Event: 4.091 GC heap after
{Heap after GC invocations=12 (full 0):
 garbage-first heap   total 69632K, used 20586K [0x0000000704400000, 0x0000000800000000)
  region size 2048K, 1 young (2048K), 1 survivors (2048K)
 Metaspace       used 42292K, committed 42752K, reserved 1089536K
  class space    used 5754K, committed 5952K, reserved 1048576K
}
Event: 4.504 GC heap before
{Heap before GC invocations=12 (full 0):
 garbage-first heap   total 69632K, used 49258K [0x0000000704400000, 0x0000000800000000)
  region size 2048K, 15 young (30720K), 1 survivors (2048K)
 Metaspace       used 49124K, committed 49664K, reserved 1097728K
  class space    used 6663K, committed 6912K, reserved 1048576K
}
Event: 4.506 GC heap after
{Heap after GC invocations=13 (full 0):
 garbage-first heap   total 69632K, used 22143K [0x0000000704400000, 0x0000000800000000)
  region size 2048K, 2 young (4096K), 2 survivors (4096K)
 Metaspace       used 49124K, committed 49664K, reserved 1097728K
  class space    used 6663K, committed 6912K, reserved 1048576K
}
Event: 4.799 GC heap before
{Heap before GC invocations=13 (full 0):
 garbage-first heap   total 69632K, used 46719K [0x0000000704400000, 0x0000000800000000)
  region size 2048K, 15 young (30720K), 2 survivors (4096K)
 Metaspace       used 53112K, committed 53568K, reserved 1097728K
  class space    used 7183K, committed 7424K, reserved 1048576K
}
Event: 4.801 GC heap after
{Heap after GC invocations=14 (full 0):
 garbage-first heap   total 69632K, used 23365K [0x0000000704400000, 0x0000000800000000)
  region size 2048K, 1 young (2048K), 1 survivors (2048K)
 Metaspace       used 53112K, committed 53568K, reserved 1097728K
  class space    used 7183K, committed 7424K, reserved 1048576K
}
Event: 7.290 GC heap before
{Heap before GC invocations=14 (full 0):
 garbage-first heap   total 69632K, used 52037K [0x0000000704400000, 0x0000000800000000)
  region size 2048K, 15 young (30720K), 1 survivors (2048K)
 Metaspace       used 55417K, committed 55872K, reserved 1097728K
  class space    used 7517K, committed 7744K, reserved 1048576K
}
Event: 7.293 GC heap after
{Heap after GC invocations=15 (full 0):
 garbage-first heap   total 69632K, used 25423K [0x0000000704400000, 0x0000000800000000)
  region size 2048K, 2 young (4096K), 2 survivors (4096K)
 Metaspace       used 55417K, committed 55872K, reserved 1097728K
  class space    used 7517K, committed 7744K, reserved 1048576K
}
Event: 9.820 GC heap before
{Heap before GC invocations=15 (full 0):
 garbage-first heap   total 69632K, used 52047K [0x0000000704400000, 0x0000000800000000)
  region size 2048K, 15 young (30720K), 2 survivors (4096K)
 Metaspace       used 58784K, committed 59264K, reserved 1105920K
  class space    used 7990K, committed 8192K, reserved 1048576K
}
Event: 9.824 GC heap after
{Heap after GC invocations=16 (full 0):
 garbage-first heap   total 69632K, used 27539K [0x0000000704400000, 0x0000000800000000)
  region size 2048K, 2 young (4096K), 2 survivors (4096K)
 Metaspace       used 58784K, committed 59264K, reserved 1105920K
  class space    used 7990K, committed 8192K, reserved 1048576K
}
Event: 9.948 GC heap before
{Heap before GC invocations=16 (full 0):
 garbage-first heap   total 69632K, used 33683K [0x0000000704400000, 0x0000000800000000)
  region size 2048K, 6 young (12288K), 2 survivors (4096K)
 Metaspace       used 59991K, committed 60416K, reserved 1105920K
  class space    used 8174K, committed 8384K, reserved 1048576K
}
Event: 9.950 GC heap after
{Heap after GC invocations=17 (full 0):
 garbage-first heap   total 69632K, used 27773K [0x0000000704400000, 0x0000000800000000)
  region size 2048K, 2 young (4096K), 2 survivors (4096K)
 Metaspace       used 59991K, committed 60416K, reserved 1105920K
  class space    used 8174K, committed 8384K, reserved 1048576K
}
Event: 10.382 GC heap before
{Heap before GC invocations=18 (full 0):
 garbage-first heap   total 69632K, used 50301K [0x0000000704400000, 0x0000000800000000)
  region size 2048K, 14 young (28672K), 2 survivors (4096K)
 Metaspace       used 65244K, committed 65728K, reserved 1105920K
  class space    used 8780K, committed 9024K, reserved 1048576K
}
Event: 10.385 GC heap after
{Heap after GC invocations=19 (full 0):
 garbage-first heap   total 69632K, used 28661K [0x0000000704400000, 0x0000000800000000)
  region size 2048K, 1 young (2048K), 1 survivors (2048K)
 Metaspace       used 65244K, committed 65728K, reserved 1105920K
  class space    used 8780K, committed 9024K, reserved 1048576K
}
Event: 17.982 GC heap before
{Heap before GC invocations=19 (full 0):
 garbage-first heap   total 69632K, used 51189K [0x0000000704400000, 0x0000000800000000)
  region size 2048K, 13 young (26624K), 1 survivors (2048K)
 Metaspace       used 68855K, committed 69376K, reserved 1114112K
  class space    used 9289K, committed 9536K, reserved 1048576K
}
Event: 17.987 GC heap after
{Heap after GC invocations=20 (full 0):
 garbage-first heap   total 69632K, used 30182K [0x0000000704400000, 0x0000000800000000)
  region size 2048K, 2 young (4096K), 2 survivors (4096K)
 Metaspace       used 68855K, committed 69376K, reserved 1114112K
  class space    used 9289K, committed 9536K, reserved 1048576K
}
Event: 19.068 GC heap before
{Heap before GC invocations=20 (full 0):
 garbage-first heap   total 69632K, used 50662K [0x0000000704400000, 0x0000000800000000)
  region size 2048K, 13 young (26624K), 2 survivors (4096K)
 Metaspace       used 73510K, committed 74112K, reserved 1114112K
  class space    used 9949K, committed 10240K, reserved 1048576K
}
Event: 19.074 GC heap after
{Heap after GC invocations=21 (full 0):
 garbage-first heap   total 69632K, used 32401K [0x0000000704400000, 0x0000000800000000)
  region size 2048K, 2 young (4096K), 2 survivors (4096K)
 Metaspace       used 73510K, committed 74112K, reserved 1114112K
  class space    used 9949K, committed 10240K, reserved 1048576K
}

Dll operation events (12 events):
Event: 0.011 Loaded shared library C:\Program Files\openlogic-openjdk-jre-17.0.6+10-windows-x64\bin\java.dll
Event: 0.034 Loaded shared library C:\Program Files\openlogic-openjdk-jre-17.0.6+10-windows-x64\bin\jsvml.dll
Event: 0.165 Loaded shared library C:\Program Files\openlogic-openjdk-jre-17.0.6+10-windows-x64\bin\zip.dll
Event: 0.169 Loaded shared library C:\Program Files\openlogic-openjdk-jre-17.0.6+10-windows-x64\bin\instrument.dll
Event: 0.179 Loaded shared library C:\Program Files\openlogic-openjdk-jre-17.0.6+10-windows-x64\bin\net.dll
Event: 0.181 Loaded shared library C:\Program Files\openlogic-openjdk-jre-17.0.6+10-windows-x64\bin\nio.dll
Event: 0.185 Loaded shared library C:\Program Files\openlogic-openjdk-jre-17.0.6+10-windows-x64\bin\zip.dll
Event: 0.269 Loaded shared library C:\Program Files\JetBrains\IntelliJ IDEA 2022.3\bin\breakgen64.dll
Event: 0.277 Loaded shared library C:\Program Files\openlogic-openjdk-jre-17.0.6+10-windows-x64\bin\jimage.dll
Event: 0.292 Loaded shared library C:\Program Files\openlogic-openjdk-jre-17.0.6+10-windows-x64\bin\management.dll
Event: 0.300 Loaded shared library C:\Program Files\openlogic-openjdk-jre-17.0.6+10-windows-x64\bin\management_ext.dll
Event: 3.529 Loaded shared library C:\apache-tomcat-9.0.68\bin\tcnative-1.dll

Deoptimization events (10 events):
Event: 2.381 Thread 0x00000193065135f0 DEOPT PACKING pc=0x0000019309cb1779 sp=0x00000004d4efcc70
Event: 2.382 Thread 0x00000193065135f0 DEOPT UNPACKING pc=0x000001930992ace3 sp=0x00000004d4efc150 mode 3
Event: 3.682 Thread 0x00000193065135f0 DEOPT PACKING pc=0x000001930a15d4a5 sp=0x00000004d4efce30
Event: 3.682 Thread 0x00000193065135f0 DEOPT UNPACKING pc=0x000001930992ace3 sp=0x00000004d4efc398 mode 3
Event: 4.517 Thread 0x00000193065135f0 DEOPT PACKING pc=0x000001930a21d8f9 sp=0x00000004d4efbde0
Event: 4.517 Thread 0x00000193065135f0 DEOPT UNPACKING pc=0x000001930992ace3 sp=0x00000004d4efb2c0 mode 3
Event: 4.906 Thread 0x00000193065135f0 DEOPT PACKING pc=0x0000019309f17352 sp=0x00000004d4efcfc0
Event: 4.906 Thread 0x00000193065135f0 DEOPT UNPACKING pc=0x000001930992ace3 sp=0x00000004d4efc4c8 mode 3
Event: 4.906 Thread 0x00000193065135f0 DEOPT PACKING pc=0x0000019309c8c7d5 sp=0x00000004d4efcf80
Event: 4.906 Thread 0x00000193065135f0 DEOPT UNPACKING pc=0x000001930992ace3 sp=0x00000004d4efc4c8 mode 3

Classes unloaded (0 events):
No events

Classes redefined (0 events):
No events

Internal exceptions (20 events):
Event: 18.044 Thread 0x000001931ae855b0 Exception <a 'java/lang/NoSuchMethodError'{0x000000070ad02818}: 'java.lang.Object java.lang.invoke.DirectMethodHandle$Holder.newInvokeSpecial(java.lang.Object, java.lang.Object, java.lang.Object, int)'> (0x000000070ad02818) 
thrown [s\src\hotspot\share\interpreter\linkResolver.cpp, line 759]
Event: 18.044 Thread 0x000001931ae855b0 Exception <a 'java/lang/NoSuchMethodError'{0x000000070ad07050}: 'java.lang.Object java.lang.invoke.DirectMethodHandle$Holder.invokeSpecial(java.lang.Object, java.lang.Object, java.lang.Object, java.lang.Object, int)'> (0x000000070ad07050) 
thrown [s\src\hotspot\share\interpreter\linkResolver.cpp, line 759]
Event: 18.044 Thread 0x000001931ae855b0 Exception <a 'java/lang/NoSuchMethodError'{0x000000070ad0b168}: 'java.lang.Object java.lang.invoke.Invokers$Holder.linkToTargetMethod(java.lang.Object, java.lang.Object, int, java.lang.Object)'> (0x000000070ad0b168) 
thrown [s\src\hotspot\share\interpreter\linkResolver.cpp, line 759]
Event: 18.107 Thread 0x000001931ae855b0 Exception <a 'java/lang/NoSuchMethodError'{0x000000070abda118}: 'java.lang.Object java.lang.invoke.DirectMethodHandle$Holder.newInvokeSpecial(java.lang.Object, java.lang.Object, long, java.lang.Object)'> (0x000000070abda118) 
thrown [s\src\hotspot\share\interpreter\linkResolver.cpp, line 759]
Event: 18.107 Thread 0x000001931ae855b0 Exception <a 'java/lang/NoSuchMethodError'{0x000000070abde780}: 'java.lang.Object java.lang.invoke.DirectMethodHandle$Holder.invokeSpecial(java.lang.Object, java.lang.Object, java.lang.Object, long, java.lang.Object)'> (0x000000070abde780) 
thrown [s\src\hotspot\share\interpreter\linkResolver.cpp, line 759]
Event: 18.107 Thread 0x000001931ae855b0 Exception <a 'java/lang/NoSuchMethodError'{0x000000070abe2780}: 'java.lang.Object java.lang.invoke.Invokers$Holder.linkToTargetMethod(java.lang.Object, long, java.lang.Object, java.lang.Object)'> (0x000000070abe2780) 
thrown [s\src\hotspot\share\interpreter\linkResolver.cpp, line 759]
Event: 18.113 Thread 0x000001931ae855b0 Exception <a 'java/lang/NoSuchMethodError'{0x000000070a834848}: 'java.lang.Object java.lang.invoke.DirectMethodHandle$Holder.newInvokeSpecial(java.lang.Object, java.lang.Object, int, java.lang.Object)'> (0x000000070a834848) 
thrown [s\src\hotspot\share\interpreter\linkResolver.cpp, line 759]
Event: 18.113 Thread 0x000001931ae855b0 Exception <a 'java/lang/NoSuchMethodError'{0x000000070a838960}: 'java.lang.Object java.lang.invoke.Invokers$Holder.linkToTargetMethod(java.lang.Object, int, java.lang.Object, java.lang.Object)'> (0x000000070a838960) 
thrown [s\src\hotspot\share\interpreter\linkResolver.cpp, line 759]
Event: 18.215 Thread 0x000001931dae9170 Exception <a 'java/lang/NoSuchMethodError'{0x0000000707edcd10}: 'java.lang.Object java.lang.invoke.DirectMethodHandle$Holder.invokeStaticInit(java.lang.Object, java.lang.Object, java.lang.Object, java.lang.Object)'> (0x0000000707edcd10) 
thrown [s\src\hotspot\share\interpreter\linkResolver.cpp, line 759]
Event: 18.291 Thread 0x000001931dae9170 Exception <a 'java/lang/NoSuchMethodError'{0x0000000707ddeb48}: 'java.lang.Object java.lang.invoke.DirectMethodHandle$Holder.invokeStatic(java.lang.Object, java.lang.Object, java.lang.Object, int, java.lang.Object, java.lang.Object)'> (0x0000000707ddeb48) 
thrown [s\src\hotspot\share\interpreter\linkResolver.cpp, line 759]
Event: 18.291 Thread 0x000001931daea980 Exception <a 'java/lang/NoSuchMethodError'{0x0000000707df36b8}: 'java.lang.Object java.lang.invoke.Invokers$Holder.linkToTargetMethod(java.lang.Object, int, java.lang.Object, java.lang.Object, java.lang.Object, java.lang.Object)'> (0x0000000707df36b8) 
thrown [s\src\hotspot\share\interpreter\linkResolver.cpp, line 759]
Event: 18.295 Thread 0x000001931dae9170 Exception <a 'java/lang/NoSuchMethodError'{0x0000000707a10188}: 'java.lang.Object java.lang.invoke.DirectMethodHandle$Holder.newInvokeSpecial(java.lang.Object, java.lang.Object, java.lang.Object, java.lang.Object, int, java.lang.Object)'> (0x0000000707a10188) 
thrown [s\src\hotspot\share\interpreter\linkResolver.cpp, line 759]
Event: 18.296 Thread 0x000001931dae9170 Exception <a 'java/lang/NoSuchMethodError'{0x0000000707a14270}: 'java.lang.Object java.lang.invoke.DirectMethodHandle$Holder.invokeSpecial(java.lang.Object, java.lang.Object, java.lang.Object, java.lang.Object, java.lang.Object, int, java.lang.Object)'> (0x0000000707a14270) 
thrown [s\src\hotspot\share\interpreter\linkResolver.cpp, line 759]
Event: 18.296 Thread 0x000001931dae9170 Exception <a 'java/lang/NoSuchMethodError'{0x0000000707a17ba0}: 'java.lang.Object java.lang.invoke.Invokers$Holder.linkToTargetMethod(java.lang.Object, java.lang.Object, java.lang.Object, int, java.lang.Object, java.lang.Object)'> (0x0000000707a17ba0) 
thrown [s\src\hotspot\share\interpreter\linkResolver.cpp, line 759]
Event: 18.305 Thread 0x000001931dae9170 Exception <a 'java/lang/NoSuchMethodError'{0x0000000707a5a468}: 'void java.lang.invoke.DirectMethodHandle$Holder.invokeStatic(java.lang.Object, int)'> (0x0000000707a5a468) 
thrown [s\src\hotspot\share\interpreter\linkResolver.cpp, line 759]
Event: 18.305 Thread 0x000001931dae9170 Exception <a 'java/lang/NoSuchMethodError'{0x0000000707a5db70}: 'void java.lang.invoke.DirectMethodHandle$Holder.invokeStaticInit(java.lang.Object, int)'> (0x0000000707a5db70) 
thrown [s\src\hotspot\share\interpreter\linkResolver.cpp, line 759]
Event: 18.306 Thread 0x000001931dae9170 Exception <a 'java/lang/NoSuchMethodError'{0x0000000707a637d8}: 'void java.lang.invoke.DirectMethodHandle$Holder.invokeSpecial(java.lang.Object, java.lang.Object, int)'> (0x0000000707a637d8) 
thrown [s\src\hotspot\share\interpreter\linkResolver.cpp, line 759]
Event: 18.432 Thread 0x000001931dae9170 Exception <a 'java/lang/IncompatibleClassChangeError'{0x0000000707b87850}: Found class java.lang.Object, but interface was expected> (0x0000000707b87850) 
thrown [s\src\hotspot\share\interpreter\linkResolver.cpp, line 826]
Event: 19.040 Thread 0x000001931ac597c0 Exception <a 'java/lang/ClassNotFoundException'{0x00000007072101d8}: java/util/MapBeanInfo> (0x00000007072101d8) 
thrown [s\src\hotspot\share\classfile\systemDictionary.cpp, line 256]
Event: 19.042 Thread 0x000001931ac597c0 Exception <a 'java/lang/ClassNotFoundException'{0x0000000707213e78}: java/util/MapCustomizer> (0x0000000707213e78) 
thrown [s\src\hotspot\share\classfile\systemDictionary.cpp, line 256]

VM Operations (20 events):
Event: 17.832 Executing VM operation: HandshakeAllThreads
Event: 17.832 Executing VM operation: HandshakeAllThreads done
Event: 17.838 Executing VM operation: HandshakeAllThreads
Event: 17.838 Executing VM operation: HandshakeAllThreads done
Event: 17.982 Executing VM operation: G1CollectForAllocation
Event: 17.987 Executing VM operation: G1CollectForAllocation done
Event: 17.999 Executing VM operation: HandshakeAllThreads
Event: 17.999 Executing VM operation: HandshakeAllThreads done
Event: 18.519 Executing VM operation: HandshakeAllThreads
Event: 18.519 Executing VM operation: HandshakeAllThreads done
Event: 18.542 Executing VM operation: HandshakeAllThreads
Event: 18.542 Executing VM operation: HandshakeAllThreads done
Event: 18.999 Executing VM operation: HandshakeAllThreads
Event: 18.999 Executing VM operation: HandshakeAllThreads done
Event: 18.999 Executing VM operation: Cleanup
Event: 18.999 Executing VM operation: Cleanup done
Event: 19.068 Executing VM operation: G1CollectForAllocation
Event: 19.074 Executing VM operation: G1CollectForAllocation done
Event: 19.307 Executing VM operation: HandshakeAllThreads
Event: 19.308 Executing VM operation: HandshakeAllThreads done

Events (20 events):
Event: 19.308 loading class sun/nio/cs/KOI8_R
Event: 19.309 loading class sun/nio/cs/KOI8_R done
Event: 19.309 loading class sun/nio/cs/MS1250
Event: 19.309 loading class sun/nio/cs/MS1250 done
Event: 19.309 loading class sun/nio/cs/MS1251
Event: 19.309 loading class sun/nio/cs/MS1251 done
Event: 19.309 loading class sun/nio/cs/MS1256
Event: 19.309 loading class sun/nio/cs/MS1256 done
Event: 19.309 loading class sun/nio/cs/MS1257
Event: 19.309 loading class sun/nio/cs/MS1257 done
Event: 19.310 loading class sun/nio/cs/UTF_32
Event: 19.310 loading class sun/nio/cs/UTF_32 done
Event: 19.317 loading class java/security/DigestException
Event: 19.317 loading class java/security/DigestException done
Event: 19.319 loading class javax/security/sasl/SaslException
Event: 19.319 loading class javax/security/sasl/SaslException done
Event: 19.319 loading class javax/security/auth/callback/UnsupportedCallbackException
Event: 19.319 loading class javax/security/auth/callback/UnsupportedCallbackException done
Event: 19.319 loading class javax/security/auth/login/Configuration
Event: 19.319 loading class javax/security/auth/login/Configuration done


Dynamic libraries:
0x00007ff68b380000 - 0x00007ff68b38e000 	C:\Program Files\openlogic-openjdk-jre-17.0.6+10-windows-x64\bin\java.exe
0x00007ffbcd950000 - 0x00007ffbcdb67000 	C:\WINDOWS\SYSTEM32\ntdll.dll
0x00007ffbccef0000 - 0x00007ffbccfb4000 	C:\WINDOWS\System32\KERNEL32.DLL
0x00007ffbcb210000 - 0x00007ffbcb5b6000 	C:\WINDOWS\System32\KERNELBASE.dll
0x00007ffbcafe0000 - 0x00007ffbcb0f1000 	C:\WINDOWS\System32\ucrtbase.dll
0x00007ffb5b480000 - 0x00007ffb5b497000 	C:\Program Files\openlogic-openjdk-jre-17.0.6+10-windows-x64\bin\jli.dll
0x00007ffbcd040000 - 0x00007ffbcd1ed000 	C:\WINDOWS\System32\USER32.dll
0x00007ffbcb680000 - 0x00007ffbcb6a6000 	C:\WINDOWS\System32\win32u.dll
0x00007ffbcd6d0000 - 0x00007ffbcd6f9000 	C:\WINDOWS\System32\GDI32.dll
0x00007ffbcacd0000 - 0x00007ffbcade8000 	C:\WINDOWS\System32\gdi32full.dll
0x00007ffbcb100000 - 0x00007ffbcb19a000 	C:\WINDOWS\System32\msvcp_win.dll
0x00007ffb6ac40000 - 0x00007ffb6ac5b000 	C:\Program Files\openlogic-openjdk-jre-17.0.6+10-windows-x64\bin\VCRUNTIME140.dll
0x00007ffba0a70000 - 0x00007ffba0d03000 	C:\WINDOWS\WinSxS\amd64_microsoft.windows.common-controls_6595b64144ccf1df_6.0.22621.2361_none_2712ced57382f843\COMCTL32.dll
0x00007ffbcd200000 - 0x00007ffbcd2a7000 	C:\WINDOWS\System32\msvcrt.dll
0x00007ffbcd860000 - 0x00007ffbcd891000 	C:\WINDOWS\System32\IMM32.DLL
0x00007ffb8b1d0000 - 0x00007ffb8b1dc000 	C:\Program Files\openlogic-openjdk-jre-17.0.6+10-windows-x64\bin\vcruntime140_1.dll
0x00007ffb45680000 - 0x00007ffb4570d000 	C:\Program Files\openlogic-openjdk-jre-17.0.6+10-windows-x64\bin\msvcp140.dll
0x00007ffb44a20000 - 0x00007ffb4567e000 	C:\Program Files\openlogic-openjdk-jre-17.0.6+10-windows-x64\bin\server\jvm.dll
0x00007ffbcd4a0000 - 0x00007ffbcd550000 	C:\WINDOWS\System32\ADVAPI32.dll
0x00007ffbcc9b0000 - 0x00007ffbcca56000 	C:\WINDOWS\System32\sechost.dll
0x00007ffbcbf10000 - 0x00007ffbcc027000 	C:\WINDOWS\System32\RPCRT4.dll
0x00007ffba7930000 - 0x00007ffba7939000 	C:\WINDOWS\SYSTEM32\WSOCK32.dll
0x00007ffbc36c0000 - 0x00007ffbc36f4000 	C:\WINDOWS\SYSTEM32\WINMM.dll
0x00007ffbccfc0000 - 0x00007ffbcd031000 	C:\WINDOWS\System32\WS2_32.dll
0x00007ffbbf070000 - 0x00007ffbbf07a000 	C:\WINDOWS\SYSTEM32\VERSION.dll
0x00007ffbc9e00000 - 0x00007ffbc9e18000 	C:\WINDOWS\SYSTEM32\kernel.appcore.dll
0x00007ffb8a910000 - 0x00007ffb8a91a000 	C:\Program Files\openlogic-openjdk-jre-17.0.6+10-windows-x64\bin\jimage.dll
0x00007ffba7290000 - 0x00007ffba74be000 	C:\WINDOWS\SYSTEM32\DBGHELP.DLL
0x00007ffbcc4d0000 - 0x00007ffbcc85a000 	C:\WINDOWS\System32\combase.dll
0x00007ffbcc3f0000 - 0x00007ffbcc4c7000 	C:\WINDOWS\System32\OLEAUT32.dll
0x00007ffba7250000 - 0x00007ffba7282000 	C:\WINDOWS\SYSTEM32\dbgcore.DLL
0x00007ffbcadf0000 - 0x00007ffbcae6a000 	C:\WINDOWS\System32\bcryptPrimitives.dll
0x00007ffbc4000000 - 0x00007ffbc400e000 	C:\Program Files\openlogic-openjdk-jre-17.0.6+10-windows-x64\bin\instrument.dll
0x00007ffb44840000 - 0x00007ffb44865000 	C:\Program Files\openlogic-openjdk-jre-17.0.6+10-windows-x64\bin\java.dll
0x00007ffb4aa20000 - 0x00007ffb4aa38000 	C:\Program Files\openlogic-openjdk-jre-17.0.6+10-windows-x64\bin\zip.dll
0x00007ffb44940000 - 0x00007ffb44a16000 	C:\Program Files\openlogic-openjdk-jre-17.0.6+10-windows-x64\bin\jsvml.dll
0x00007ffbcb6b0000 - 0x00007ffbcbf08000 	C:\WINDOWS\System32\SHELL32.dll
0x00007ffbc8c40000 - 0x00007ffbc9532000 	C:\WINDOWS\SYSTEM32\windows.storage.dll
0x00007ffbc8b00000 - 0x00007ffbc8c3e000 	C:\WINDOWS\SYSTEM32\wintypes.dll
0x00007ffbcc030000 - 0x00007ffbcc123000 	C:\WINDOWS\System32\SHCORE.dll
0x00007ffbcd7f0000 - 0x00007ffbcd84e000 	C:\WINDOWS\System32\shlwapi.dll
0x00007ffbcac00000 - 0x00007ffbcac26000 	C:\WINDOWS\SYSTEM32\profapi.dll
0x00007ffb47a00000 - 0x00007ffb47a19000 	C:\Program Files\openlogic-openjdk-jre-17.0.6+10-windows-x64\bin\net.dll
0x00007ffbc57a0000 - 0x00007ffbc58d7000 	C:\WINDOWS\SYSTEM32\WINHTTP.dll
0x00007ffbca280000 - 0x00007ffbca2e9000 	C:\WINDOWS\system32\mswsock.dll
0x00007ffb479e0000 - 0x00007ffb479f6000 	C:\Program Files\openlogic-openjdk-jre-17.0.6+10-windows-x64\bin\nio.dll
0x00007ffbc5fe0000 - 0x00007ffbc5ffa000 	C:\Program Files\JetBrains\IntelliJ IDEA 2022.3\bin\breakgen64.dll
0x00007ffbc9840000 - 0x00007ffbc9939000 	C:\WINDOWS\SYSTEM32\DNSAPI.dll
0x00007ffbc9810000 - 0x00007ffbc983d000 	C:\WINDOWS\SYSTEM32\IPHLPAPI.DLL
0x00007ffbcca60000 - 0x00007ffbcca69000 	C:\WINDOWS\System32\NSI.dll
0x00007ffbc1ab0000 - 0x00007ffbc1aba000 	C:\Windows\System32\rasadhlp.dll
0x00007ffbc26d0000 - 0x00007ffbc2754000 	C:\WINDOWS\System32\fwpuclnt.dll
0x00007ffbc6010000 - 0x00007ffbc6019000 	C:\Program Files\openlogic-openjdk-jre-17.0.6+10-windows-x64\bin\management.dll
0x00007ffbc6000000 - 0x00007ffbc600b000 	C:\Program Files\openlogic-openjdk-jre-17.0.6+10-windows-x64\bin\management_ext.dll
0x00007ffbcc3e0000 - 0x00007ffbcc3e8000 	C:\WINDOWS\System32\PSAPI.DLL
0x00007ffbca4d0000 - 0x00007ffbca4eb000 	C:\WINDOWS\SYSTEM32\CRYPTSP.dll
0x00007ffbc9d60000 - 0x00007ffbc9d95000 	C:\WINDOWS\system32\rsaenh.dll
0x00007ffbca370000 - 0x00007ffbca39c000 	C:\WINDOWS\SYSTEM32\USERENV.dll
0x00007ffbca670000 - 0x00007ffbca698000 	C:\WINDOWS\SYSTEM32\bcrypt.dll
0x00007ffbca4f0000 - 0x00007ffbca4fc000 	C:\WINDOWS\SYSTEM32\CRYPTBASE.dll
0x00007ffbc36a0000 - 0x00007ffbc36b9000 	C:\WINDOWS\SYSTEM32\dhcpcsvc6.DLL
0x00007ffbc3680000 - 0x00007ffbc369f000 	C:\WINDOWS\SYSTEM32\dhcpcsvc.DLL
0x00007ffb9be70000 - 0x00007ffb9be87000 	C:\WINDOWS\system32\napinsp.dll
0x00007ffb9be50000 - 0x00007ffb9be6b000 	C:\WINDOWS\system32\pnrpnsp.dll
0x00007ffb9bd10000 - 0x00007ffb9bd21000 	C:\WINDOWS\System32\winrnr.dll
0x00007ffb9bcf0000 - 0x00007ffb9bd05000 	C:\WINDOWS\system32\wshbth.dll
0x00007ffb9bcc0000 - 0x00007ffb9bce1000 	C:\WINDOWS\system32\nlansp_c.dll
0x0000000180000000 - 0x0000000180288000 	C:\apache-tomcat-9.0.68\bin\tcnative-1.dll
0x00007ffbcae70000 - 0x00007ffbcafd6000 	C:\WINDOWS\System32\CRYPT32.dll
0x00007ffb48270000 - 0x00007ffb48278000 	C:\WINDOWS\system32\wshunix.dll

dbghelp: loaded successfully - version: 4.0.5 - missing functions: none
symbol engine: initialized successfully - sym options: 0x614 - pdb path: .;C:\Program Files\openlogic-openjdk-jre-17.0.6+10-windows-x64\bin;C:\WINDOWS\SYSTEM32;C:\WINDOWS\WinSxS\amd64_microsoft.windows.common-controls_6595b64144ccf1df_6.0.22621.2361_none_2712ced57382f843;C:\Program Files\openlogic-openjdk-jre-17.0.6+10-windows-x64\bin\server;C:\Program Files\JetBrains\IntelliJ IDEA 2022.3\bin;C:\apache-tomcat-9.0.68\bin

VM Arguments:
jvm_args: -XX:TieredStopAtLevel=1 -Dspring.output.ansi.enabled=always -Dcom.sun.management.jmxremote -Dspring.jmx.enabled=true -Dspring.liveBeansView.mbeanDomain -Dspring.application.admin.enabled=true -Dmanagement.endpoints.jmx.exposure.include=* -javaagent:C:\Program Files\JetBrains\IntelliJ IDEA 2022.3\lib\idea_rt.jar=60697:C:\Program Files\JetBrains\IntelliJ IDEA 2022.3\bin -Dfile.encoding=UTF-8 
java_command: com.weather.MeteoProcessApplication
java_class_path (initial): C:\Users\haruki\IdeaProjects\MeteoDataProcessServer\Meteo-Process-Resource\target\classes;C:\Users\haruki\.m2\repository\com\baomidou\mybatis-plus-boot-starter\3.5.2.7-SNAPSHOT\mybatis-plus-boot-starter-3.5.2.7-SNAPSHOT.jar;C:\Users\haruki\.m2\repository\com\baomidou\mybatis-plus\3.5.2.7-SNAPSHOT\mybatis-plus-3.5.2.7-SNAPSHOT.jar;C:\Users\haruki\.m2\repository\com\baomidou\mybatis-plus-extension\3.5.2.7-SNAPSHOT\mybatis-plus-extension-3.5.2.7-SNAPSHOT.jar;C:\Users\haruki\.m2\repository\com\baomidou\mybatis-plus-core\3.5.2.7-SNAPSHOT\mybatis-plus-core-3.5.2.7-SNAPSHOT.jar;C:\Users\haruki\.m2\repository\com\baomidou\mybatis-plus-annotation\3.5.2.7-SNAPSHOT\mybatis-plus-annotation-3.5.2.7-SNAPSHOT.jar;C:\Users\haruki\.m2\repository\com\github\jsqlparser\jsqlparser\4.4\jsqlparser-4.4.jar;C:\Users\haruki\.m2\repository\org\mybatis\mybatis\3.5.10\mybatis-3.5.10.jar;C:\Users\haruki\.m2\repository\org\jetbrains\kotlin\kotlin-stdlib-jdk8\1.7.22\kotlin-stdlib-jdk8-1.7.22.jar;C:\Users\haruki\.m2\repository\org\jetbrains\kotlin\kotlin-stdlib\1.7.22\kotlin-stdlib-1.7.22.jar;C:\Users\haruki\.m2\repository\org\jetbrains\kotlin\kotlin-stdlib-common\1.7.22\kotlin-stdlib-common-1.7.22.jar;C:\Users\haruki\.m2\repository\org\jetbrains\annotations\13.0\annotations-13.0.jar;C:\Users\haruki\.m2\repository\org\jetbrains\kotlin\kotlin-stdlib-jdk7\1.7.22\kotlin-stdlib-jdk7-1.7.22.jar;C:\Users\haruki\.m2\repository\org\mybatis\mybatis-spring\2.0.7\mybatis-spring-2.0.7.jar;C:\Users\haruki\.m2\repository\org\springframework\boot\spring-boot-autoconfigure\3.0.5\spring-boot-autoconfigure-3.0.5.jar;C:\Users\haruki\.m2\repository\org\springframework\boot\spring-boot\3.0.5\spring-boot-3.0.5.jar;C:\Users\haruki\.m2\repository\org\springframework\boot\spring-boot-starter-jdbc\3.0.5\spring-boot-starter-jdbc-3.0.5.jar;C:\Users\haruki\.m2\repository\com\zaxxer\HikariCP\5.0.1\HikariCP-5.0.1.jar;C:\Users\haruki\.m2\repository\org\springframework\spring-jdbc\6.0.7\spring-jdbc-6.
Launcher Type: SUN_STANDARD

[Global flags]
     intx CICompilerCount                          = 4                                         {product} {ergonomic}
     uint ConcGCThreads                            = 2                                         {product} {ergonomic}
     uint G1ConcRefinementThreads                  = 8                                         {product} {ergonomic}
   size_t G1HeapRegionSize                         = 2097152                                   {product} {ergonomic}
    uintx GCDrainStackTargetSize                   = 64                                        {product} {ergonomic}
   size_t InitialHeapSize                          = 264241152                                 {product} {ergonomic}
     bool ManagementServer                         = true                                      {product} {command line}
   size_t MarkStackSize                            = 4194304                                   {product} {ergonomic}
   size_t MaxHeapSize                              = 4223664128                                {product} {ergonomic}
   size_t MaxNewSize                               = 2533359616                                {product} {ergonomic}
   size_t MinHeapDeltaBytes                        = 2097152                                   {product} {ergonomic}
   size_t MinHeapSize                              = 8388608                                   {product} {ergonomic}
    uintx NonProfiledCodeHeapSize                  = 0                                      {pd product} {ergonomic}
     bool ProfileInterpreter                       = false                                  {pd product} {command line}
    uintx ProfiledCodeHeapSize                     = 0                                      {pd product} {ergonomic}
   size_t SoftMaxHeapSize                          = 4223664128                             {manageable} {ergonomic}
     intx TieredStopAtLevel                        = 1                                         {product} {command line}
     bool UseCompressedClassPointers               = true                           {product lp64_product} {ergonomic}
     bool UseCompressedOops                        = true                           {product lp64_product} {ergonomic}
     bool UseG1GC                                  = true                                      {product} {ergonomic}
     bool UseLargePagesIndividualAllocation        = false                                  {pd product} {ergonomic}

Logging:
Log output configuration:
 #0: stdout all=warning uptime,level,tags
 #1: stderr all=off uptime,level,tags

Environment Variables:
JAVA_HOME=C:\Users\haruki\jdk17
PATH=C:\Program Files (x86)\VMware\VMware Workstation\bin\;C:\Program Files\Common Files\Oracle\Java\javapath;C:\Program Files (x86)\Common Files\Intel\Shared Libraries\redist\intel64\compiler;C:\WINDOWS\system32;C:\WINDOWS;C:\WINDOWS\System32\Wbem;C:\WINDOWS\System32\WindowsPowerShell\v1.0\;C:\WINDOWS\System32\OpenSSH\;C:\Program Files\dotnet\;C:\Users\haruki\platform-tools;C:\Users\haruki\AppData\Local\Programs\Python\Python310;C:\Users\haruki\AppData\Local\Programs\Python\Python310\Scripts;C:\Users\haruki\jdk17\bin;C:\apache-tomcat-9.0.68\bin;C:\Program Files\Git\cmd;C:\Program Files\Calibre2\;C:\Program Files\nodejs\;C:\Program Files (x86)\NetSarang\Xftp 7\;C:\Program Files (x86)\NetSarang\Xshell 7\;C:\Program Files (x86)\Tencent\web\dll;C:\Users\haruki\jdk17\jre\bin;C:\ProgramData\chocolatey\bin;G:\needs\ffmpeg-master-latest-win64-gpl\ffmpeg-master-latest-win64-gpl\bin;G:\acn;G:\acn\Library\mingw-w64\bin;G:\acn\Library\usr\bin;G:\acn\Library\bin;G:\acn\Scripts;C:\Users\haruki\mysql-8.0.28-winx64\bin;C:\Users\haruki\;C:\Users\haruki\AppData\Local\Microsoft\WindowsApps;C:\Users\haruki\AppData\Local\spicetify;C:\Users\haruki\AppData\Local\Microsoft\WindowsApps;C:\Users\haruki\AppData\Local\Programs\Microsoft VS Code\bin;C:\Users\haruki\AppData\Roaming\npm
USERNAME=haruki
OS=Windows_NT
PROCESSOR_IDENTIFIER=Intel64 Family 6 Model 140 Stepping 1, GenuineIntel
TMP=C:\Users\haruki\AppData\Local\Temp
TEMP=C:\Users\haruki\AppData\Local\Temp



---------------  S Y S T E M  ---------------

OS:
 Windows 11 , 64 bit Build 22621 (10.0.22621.2428)
OS uptime: 0 days 11:19 hours

CPU: total 8 (initial active 8) (4 cores per cpu, 2 threads per core) family 6 model 140 stepping 1 microcode 0xac, cx8, cmov, fxsr, ht, mmx, 3dnowpref, sse, sse2, sse3, ssse3, sse4.1, sse4.2, popcnt, lzcnt, tsc, tscinvbit, avx, avx2, aes, erms, clmul, bmi1, bmi2, adx, avx512f, avx512dq, avx512cd, avx512bw, avx512vl, sha, fma, vzeroupper, avx512_vpopcntdq, avx512_vpclmulqdq, avx512_vaes, avx512_vnni, clflush, clflushopt, clwb, avx512_vbmi2, avx512_vbmi

Memory: 4k page, system-wide physical 16106M (168M free)
TotalPageFile size 32106M (AvailPageFile size 0M)
current process WorkingSet (physical memory assigned to process): 235M, peak: 235M
current process commit charge ("private bytes"): 266M, peak: 362M

vm_info: OpenJDK 64-Bit Server VM (17.0.6+10-adhoc..jdk17u) for windows-amd64 JRE (17.0.6+10-adhoc..jdk17u), built on Mar  9 2023 08:58:57 by "" with MS VC++ 16.10 / 16.11 (VS2019)

END.
